{"/Users/macbook_187/Project/front-end-unitest/src/counter.ts": {"path":"/Users/macbook_187/Project/front-end-unitest/src/counter.ts","all":true,"statementMap":{"0":{"start":{"line":1,"column":0},"end":{"line":1,"column":58}},"1":{"start":{"line":2,"column":0},"end":{"line":2,"column":17}},"2":{"start":{"line":3,"column":0},"end":{"line":3,"column":41}},"3":{"start":{"line":4,"column":0},"end":{"line":4,"column":19}},"4":{"start":{"line":5,"column":0},"end":{"line":5,"column":45}},"5":{"start":{"line":6,"column":0},"end":{"line":6,"column":3}},"6":{"start":{"line":7,"column":0},"end":{"line":7,"column":66}},"7":{"start":{"line":8,"column":0},"end":{"line":8,"column":15}},"8":{"start":{"line":9,"column":0},"end":{"line":9,"column":1}}},"s":{"0":0,"1":0,"2":0,"3":0,"4":0,"5":0,"6":0,"7":0,"8":0},"branchMap":{"0":{"type":"branch","line":1,"loc":{"start":{"line":1,"column":273},"end":{"line":9,"column":1}},"locations":[{"start":{"line":1,"column":273},"end":{"line":9,"column":1}}]}},"b":{"0":[0]},"fnMap":{"0":{"name":"(empty-report)","decl":{"start":{"line":1,"column":273},"end":{"line":9,"column":1}},"loc":{"start":{"line":1,"column":273},"end":{"line":9,"column":1}},"line":1}},"f":{"0":0}}
,"/Users/macbook_187/Project/front-end-unitest/src/main.ts": {"path":"/Users/macbook_187/Project/front-end-unitest/src/main.ts","all":true,"statementMap":{"0":{"start":{"line":1,"column":0},"end":{"line":1,"column":20}},"1":{"start":{"line":2,"column":0},"end":{"line":2,"column":45}},"2":{"start":{"line":3,"column":0},"end":{"line":3,"column":32}},"3":{"start":{"line":4,"column":0},"end":{"line":4,"column":43}},"5":{"start":{"line":6,"column":0},"end":{"line":6,"column":61}},"8":{"start":{"line":9,"column":0},"end":{"line":9,"column":60}},"11":{"start":{"line":12,"column":0},"end":{"line":12,"column":80}},"23":{"start":{"line":24,"column":0},"end":{"line":24,"column":68}}},"s":{"0":0,"1":0,"2":0,"3":0,"5":0,"8":0,"11":0,"23":0},"branchMap":{"0":{"type":"branch","line":1,"loc":{"start":{"line":1,"column":0},"end":{"line":24,"column":-236}},"locations":[{"start":{"line":1,"column":0},"end":{"line":24,"column":-236}}]}},"b":{"0":[0]},"fnMap":{"0":{"name":"(empty-report)","decl":{"start":{"line":1,"column":0},"end":{"line":24,"column":-236}},"loc":{"start":{"line":1,"column":0},"end":{"line":24,"column":-236}},"line":1}},"f":{"0":0}}
,"/Users/macbook_187/Project/front-end-unitest/src/models/order.model.ts": {"path":"/Users/macbook_187/Project/front-end-unitest/src/models/order.model.ts","all":true,"statementMap":{},"s":{},"branchMap":{"0":{"type":"branch","line":1,"loc":{"start":{"line":1,"column":291},"end":{"line":16,"column":1}},"locations":[{"start":{"line":1,"column":291},"end":{"line":16,"column":1}}]}},"b":{"0":[1]},"fnMap":{"0":{"name":"(empty-report)","decl":{"start":{"line":1,"column":291},"end":{"line":16,"column":1}},"loc":{"start":{"line":1,"column":291},"end":{"line":16,"column":1}},"line":1}},"f":{"0":1}}
,"/Users/macbook_187/Project/front-end-unitest/src/models/payment.model.ts": {"path":"/Users/macbook_187/Project/front-end-unitest/src/models/payment.model.ts","all":false,"statementMap":{"0":{"start":{"line":1,"column":0},"end":{"line":1,"column":27}},"1":{"start":{"line":2,"column":0},"end":{"line":2,"column":20}},"2":{"start":{"line":3,"column":0},"end":{"line":3,"column":20}},"3":{"start":{"line":4,"column":0},"end":{"line":4,"column":18}}},"s":{"0":1,"1":1,"2":1,"3":1},"branchMap":{"0":{"type":"branch","line":1,"loc":{"start":{"line":1,"column":7},"end":{"line":1,"column":27}},"locations":[{"start":{"line":1,"column":7},"end":{"line":1,"column":27}}]}},"b":{"0":[1]},"fnMap":{},"f":{}}
,"/Users/macbook_187/Project/front-end-unitest/src/repositories/order.repository.ts": {"path":"/Users/macbook_187/Project/front-end-unitest/src/repositories/order.repository.ts","all":false,"statementMap":{"2":{"start":{"line":3,"column":0},"end":{"line":3,"column":30}},"3":{"start":{"line":4,"column":0},"end":{"line":4,"column":28}},"4":{"start":{"line":5,"column":0},"end":{"line":5,"column":56}},"6":{"start":{"line":7,"column":0},"end":{"line":7,"column":60}},"7":{"start":{"line":8,"column":0},"end":{"line":8,"column":48}},"8":{"start":{"line":9,"column":0},"end":{"line":9,"column":21}},"9":{"start":{"line":10,"column":0},"end":{"line":10,"column":34}},"10":{"start":{"line":11,"column":0},"end":{"line":11,"column":54}},"11":{"start":{"line":12,"column":0},"end":{"line":12,"column":7}},"13":{"start":{"line":14,"column":0},"end":{"line":14,"column":23}},"14":{"start":{"line":15,"column":0},"end":{"line":15,"column":48}},"15":{"start":{"line":16,"column":0},"end":{"line":16,"column":5}},"17":{"start":{"line":18,"column":0},"end":{"line":18,"column":33}},"18":{"start":{"line":19,"column":0},"end":{"line":19,"column":3}},"19":{"start":{"line":20,"column":0},"end":{"line":20,"column":1}}},"s":{"2":1,"3":2,"4":2,"6":2,"7":2,"8":2,"9":2,"10":2,"11":2,"13":2,"14":1,"15":1,"17":1,"18":2,"19":2},"branchMap":{"0":{"type":"branch","line":3,"loc":{"start":{"line":3,"column":7},"end":{"line":20,"column":1}},"locations":[{"start":{"line":3,"column":7},"end":{"line":20,"column":1}}]},"1":{"type":"branch","line":7,"loc":{"start":{"line":7,"column":2},"end":{"line":19,"column":3}},"locations":[{"start":{"line":7,"column":2},"end":{"line":19,"column":3}}]},"2":{"type":"branch","line":14,"loc":{"start":{"line":14,"column":22},"end":{"line":18,"column":33}},"locations":[{"start":{"line":14,"column":22},"end":{"line":18,"column":33}}]}},"b":{"0":[2],"1":[2],"2":[1]},"fnMap":{"0":{"name":"<instance_members_initializer>","decl":{"start":{"line":3,"column":7},"end":{"line":20,"column":1}},"loc":{"start":{"line":3,"column":7},"end":{"line":20,"column":1}},"line":3},"1":{"name":"createOrder","decl":{"start":{"line":7,"column":2},"end":{"line":19,"column":3}},"loc":{"start":{"line":7,"column":2},"end":{"line":19,"column":3}},"line":7}},"f":{"0":2,"1":2}}
,"/Users/macbook_187/Project/front-end-unitest/src/services/discount.service.ts": {"path":"/Users/macbook_187/Project/front-end-unitest/src/services/discount.service.ts","all":false,"statementMap":{"0":{"start":{"line":1,"column":0},"end":{"line":1,"column":30}},"1":{"start":{"line":2,"column":0},"end":{"line":2,"column":28}},"2":{"start":{"line":3,"column":0},"end":{"line":3,"column":58}},"4":{"start":{"line":5,"column":0},"end":{"line":5,"column":78}},"5":{"start":{"line":6,"column":0},"end":{"line":6,"column":64}},"6":{"start":{"line":7,"column":0},"end":{"line":7,"column":23}},"7":{"start":{"line":8,"column":0},"end":{"line":8,"column":40}},"8":{"start":{"line":9,"column":0},"end":{"line":9,"column":5}},"10":{"start":{"line":11,"column":0},"end":{"line":11,"column":41}},"11":{"start":{"line":12,"column":0},"end":{"line":12,"column":57}},"13":{"start":{"line":14,"column":0},"end":{"line":14,"column":53}},"14":{"start":{"line":15,"column":0},"end":{"line":15,"column":3}},"15":{"start":{"line":16,"column":0},"end":{"line":16,"column":1}}},"s":{"0":1,"1":7,"2":7,"4":7,"5":7,"6":7,"7":1,"8":1,"10":5,"11":5,"13":7,"14":7,"15":7},"branchMap":{"0":{"type":"branch","line":1,"loc":{"start":{"line":1,"column":7},"end":{"line":16,"column":1}},"locations":[{"start":{"line":1,"column":7},"end":{"line":16,"column":1}}]},"1":{"type":"branch","line":5,"loc":{"start":{"line":5,"column":2},"end":{"line":15,"column":3}},"locations":[{"start":{"line":5,"column":2},"end":{"line":15,"column":3}}]},"2":{"type":"branch","line":6,"loc":{"start":{"line":6,"column":62},"end":{"line":7,"column":22}},"locations":[{"start":{"line":6,"column":62},"end":{"line":7,"column":22}}]},"3":{"type":"branch","line":7,"loc":{"start":{"line":7,"column":22},"end":{"line":9,"column":5}},"locations":[{"start":{"line":7,"column":22},"end":{"line":9,"column":5}}]},"4":{"type":"branch","line":9,"loc":{"start":{"line":9,"column":4},"end":{"line":14,"column":33}},"locations":[{"start":{"line":9,"column":4},"end":{"line":14,"column":33}}]},"5":{"type":"branch","line":14,"loc":{"start":{"line":14,"column":29},"end":{"line":14,"column":51}},"locations":[{"start":{"line":14,"column":29},"end":{"line":14,"column":51}}]},"6":{"type":"branch","line":14,"loc":{"start":{"line":14,"column":33},"end":{"line":14,"column":53}},"locations":[{"start":{"line":14,"column":33},"end":{"line":14,"column":53}}]}},"b":{"0":[7],"1":[7],"2":[6],"3":[1],"4":[5],"5":[3],"6":[2]},"fnMap":{"0":{"name":"<instance_members_initializer>","decl":{"start":{"line":1,"column":7},"end":{"line":16,"column":1}},"loc":{"start":{"line":1,"column":7},"end":{"line":16,"column":1}},"line":1},"1":{"name":"applyDiscount","decl":{"start":{"line":5,"column":2},"end":{"line":15,"column":3}},"loc":{"start":{"line":5,"column":2},"end":{"line":15,"column":3}},"line":5}},"f":{"0":7,"1":7}}
,"/Users/macbook_187/Project/front-end-unitest/src/services/order.service.ts": {"path":"/Users/macbook_187/Project/front-end-unitest/src/services/order.service.ts","all":false,"statementMap":{"5":{"start":{"line":6,"column":0},"end":{"line":6,"column":27}},"6":{"start":{"line":7,"column":0},"end":{"line":7,"column":14}},"7":{"start":{"line":8,"column":0},"end":{"line":8,"column":52}},"8":{"start":{"line":9,"column":0},"end":{"line":9,"column":54}},"9":{"start":{"line":10,"column":0},"end":{"line":10,"column":53}},"10":{"start":{"line":11,"column":0},"end":{"line":11,"column":6}},"12":{"start":{"line":13,"column":0},"end":{"line":13,"column":40}},"13":{"start":{"line":14,"column":0},"end":{"line":14,"column":74}},"15":{"start":{"line":16,"column":0},"end":{"line":16,"column":74}},"16":{"start":{"line":17,"column":0},"end":{"line":17,"column":49}},"17":{"start":{"line":18,"column":0},"end":{"line":18,"column":5}},"19":{"start":{"line":20,"column":0},"end":{"line":20,"column":92}},"21":{"start":{"line":22,"column":0},"end":{"line":22,"column":26}},"22":{"start":{"line":23,"column":0},"end":{"line":23,"column":60}},"23":{"start":{"line":24,"column":0},"end":{"line":24,"column":5}},"25":{"start":{"line":26,"column":0},"end":{"line":26,"column":25}},"26":{"start":{"line":27,"column":0},"end":{"line":27,"column":88}},"27":{"start":{"line":28,"column":0},"end":{"line":28,"column":5}},"29":{"start":{"line":30,"column":0},"end":{"line":30,"column":117}},"30":{"start":{"line":31,"column":0},"end":{"line":31,"column":78}},"32":{"start":{"line":33,"column":0},"end":{"line":33,"column":49}},"33":{"start":{"line":34,"column":0},"end":{"line":34,"column":3}},"34":{"start":{"line":35,"column":0},"end":{"line":35,"column":1}}},"s":{"5":1,"6":1,"7":10,"8":10,"9":10,"10":10,"12":1,"13":10,"15":10,"16":2,"17":2,"19":7,"21":10,"22":1,"23":1,"25":10,"26":2,"27":1,"29":5,"30":5,"32":4,"33":10,"34":1},"branchMap":{"0":{"type":"branch","line":7,"loc":{"start":{"line":7,"column":2},"end":{"line":11,"column":6}},"locations":[{"start":{"line":7,"column":2},"end":{"line":11,"column":6}}]},"1":{"type":"branch","line":13,"loc":{"start":{"line":13,"column":2},"end":{"line":34,"column":3}},"locations":[{"start":{"line":13,"column":2},"end":{"line":34,"column":3}}]},"2":{"type":"branch","line":14,"loc":{"start":{"line":14,"column":30},"end":{"line":14,"column":74}},"locations":[{"start":{"line":14,"column":30},"end":{"line":14,"column":74}}]},"3":{"type":"branch","line":14,"loc":{"start":{"line":14,"column":72},"end":{"line":16,"column":73}},"locations":[{"start":{"line":14,"column":72},"end":{"line":16,"column":73}}]},"4":{"type":"branch","line":16,"loc":{"start":{"line":16,"column":73},"end":{"line":18,"column":5}},"locations":[{"start":{"line":16,"column":73},"end":{"line":18,"column":5}}]},"5":{"type":"branch","line":18,"loc":{"start":{"line":18,"column":4},"end":{"line":22,"column":25}},"locations":[{"start":{"line":18,"column":4},"end":{"line":22,"column":25}}]},"6":{"type":"branch","line":22,"loc":{"start":{"line":22,"column":25},"end":{"line":24,"column":5}},"locations":[{"start":{"line":22,"column":25},"end":{"line":24,"column":5}}]},"7":{"type":"branch","line":24,"loc":{"start":{"line":24,"column":4},"end":{"line":26,"column":24}},"locations":[{"start":{"line":24,"column":4},"end":{"line":26,"column":24}}]},"8":{"type":"branch","line":26,"loc":{"start":{"line":26,"column":24},"end":{"line":28,"column":5}},"locations":[{"start":{"line":26,"column":24},"end":{"line":28,"column":5}}]},"9":{"type":"branch","line":27,"loc":{"start":{"line":27,"column":86},"end":{"line":28,"column":5}},"locations":[{"start":{"line":27,"column":86},"end":{"line":28,"column":5}}]},"10":{"type":"branch","line":28,"loc":{"start":{"line":28,"column":4},"end":{"line":31,"column":78}},"locations":[{"start":{"line":28,"column":4},"end":{"line":31,"column":78}}]},"11":{"type":"branch","line":31,"loc":{"start":{"line":31,"column":76},"end":{"line":33,"column":49}},"locations":[{"start":{"line":31,"column":76},"end":{"line":33,"column":49}}]},"12":{"type":"branch","line":16,"loc":{"start":{"line":16,"column":25},"end":{"line":16,"column":70}},"locations":[{"start":{"line":16,"column":25},"end":{"line":16,"column":70}}]},"13":{"type":"branch","line":16,"loc":{"start":{"line":16,"column":47},"end":{"line":16,"column":70}},"locations":[{"start":{"line":16,"column":47},"end":{"line":16,"column":70}}]},"14":{"type":"branch","line":20,"loc":{"start":{"line":20,"column":40},"end":{"line":20,"column":89}},"locations":[{"start":{"line":20,"column":40},"end":{"line":20,"column":89}}]}},"b":{"0":[10],"1":[10],"2":[1],"3":[9],"4":[2],"5":[7],"6":[1],"7":[6],"8":[2],"9":[1],"10":[5],"11":[4],"12":[15],"13":[14],"14":[14]},"fnMap":{"0":{"name":"OrderService","decl":{"start":{"line":7,"column":2},"end":{"line":11,"column":6}},"loc":{"start":{"line":7,"column":2},"end":{"line":11,"column":6}},"line":7},"1":{"name":"process","decl":{"start":{"line":13,"column":2},"end":{"line":34,"column":3}},"loc":{"start":{"line":13,"column":2},"end":{"line":34,"column":3}},"line":13}},"f":{"0":10,"1":10}}
,"/Users/macbook_187/Project/front-end-unitest/src/services/payment.service.ts": {"path":"/Users/macbook_187/Project/front-end-unitest/src/services/payment.service.ts","all":false,"statementMap":{"0":{"start":{"line":1,"column":0},"end":{"line":1,"column":56}},"3":{"start":{"line":4,"column":0},"end":{"line":4,"column":29}},"4":{"start":{"line":5,"column":0},"end":{"line":5,"column":57}},"5":{"start":{"line":6,"column":0},"end":{"line":6,"column":57}},"6":{"start":{"line":7,"column":0},"end":{"line":7,"column":58}},"7":{"start":{"line":8,"column":0},"end":{"line":8,"column":32}},"8":{"start":{"line":9,"column":0},"end":{"line":9,"column":3}},"11":{"start":{"line":12,"column":0},"end":{"line":12,"column":34}},"12":{"start":{"line":13,"column":0},"end":{"line":13,"column":81}},"13":{"start":{"line":14,"column":0},"end":{"line":14,"column":3}},"14":{"start":{"line":15,"column":0},"end":{"line":15,"column":1}}},"s":{"0":1,"3":1,"4":1,"5":8,"6":8,"7":2,"8":8,"11":1,"12":2,"13":2,"14":1},"branchMap":{"0":{"type":"branch","line":5,"loc":{"start":{"line":5,"column":2},"end":{"line":9,"column":3}},"locations":[{"start":{"line":5,"column":2},"end":{"line":9,"column":3}}]},"1":{"type":"branch","line":6,"loc":{"start":{"line":6,"column":30},"end":{"line":6,"column":57}},"locations":[{"start":{"line":6,"column":30},"end":{"line":6,"column":57}}]},"2":{"type":"branch","line":6,"loc":{"start":{"line":6,"column":51},"end":{"line":7,"column":37}},"locations":[{"start":{"line":6,"column":51},"end":{"line":7,"column":37}}]},"3":{"type":"branch","line":7,"loc":{"start":{"line":7,"column":30},"end":{"line":7,"column":58}},"locations":[{"start":{"line":7,"column":30},"end":{"line":7,"column":58}}]},"4":{"type":"branch","line":7,"loc":{"start":{"line":7,"column":51},"end":{"line":8,"column":32}},"locations":[{"start":{"line":7,"column":51},"end":{"line":8,"column":32}}]},"5":{"type":"branch","line":12,"loc":{"start":{"line":12,"column":2},"end":{"line":14,"column":3}},"locations":[{"start":{"line":12,"column":2},"end":{"line":14,"column":3}}]}},"b":{"0":[8],"1":[3],"2":[5],"3":[3],"4":[2],"5":[2]},"fnMap":{"0":{"name":"buildPaymentMethod","decl":{"start":{"line":5,"column":2},"end":{"line":9,"column":3}},"loc":{"start":{"line":5,"column":2},"end":{"line":9,"column":3}},"line":5},"1":{"name":"payViaLink","decl":{"start":{"line":12,"column":2},"end":{"line":14,"column":3}},"loc":{"start":{"line":12,"column":2},"end":{"line":14,"column":3}},"line":12}},"f":{"0":8,"1":2}}
}
